C:\USERS\RYAN\DOCUMENTS\PSU\CMPSC 122\FINAL PROJECT\FINAL PROJECT\DEBUG\ASTEROID.OBJ
C:\USERS\RYAN\DOCUMENTS\PSU\CMPSC 122\FINAL PROJECT\FINAL PROJECT\DEBUG\BULLET.OBJ
C:\USERS\RYAN\DOCUMENTS\PSU\CMPSC 122\FINAL PROJECT\FINAL PROJECT\DEBUG\ENEMYSHIP.OBJ
C:\USERS\RYAN\DOCUMENTS\PSU\CMPSC 122\FINAL PROJECT\FINAL PROJECT\DEBUG\MAIN.OBJ
C:\USERS\RYAN\DOCUMENTS\PSU\CMPSC 122\FINAL PROJECT\FINAL PROJECT\DEBUG\TIMER.OBJ
C:\USERS\RYAN\DOCUMENTS\PSU\CMPSC 122\FINAL PROJECT\FINAL PROJECT\DEBUG\USERSHIP.OBJ
C:\USERS\RYAN\DOCUMENTS\PSU\CMPSC 122\FINAL PROJECT\FINAL PROJECT\DEBUG\UTILITIES.OBJ
C:\USERS\RYAN\DOCUMENTS\PSU\CMPSC 122\FINAL PROJECT\FINAL PROJECT\DEBUG\VC110.PDB
C:\Users\Ryan\Documents\PSU\CMPSC 122\Final Project\Final Project\Debug\Asteroid.obj
C:\Users\Ryan\Documents\PSU\CMPSC 122\Final Project\Final Project\Debug\Bullet.obj
C:\Users\Ryan\Documents\PSU\CMPSC 122\Final Project\Final Project\Debug\EnemyShip.obj
C:\Users\Ryan\Documents\PSU\CMPSC 122\Final Project\Final Project\Debug\main.obj
C:\Users\Ryan\Documents\PSU\CMPSC 122\Final Project\Final Project\Debug\Timer.obj
C:\Users\Ryan\Documents\PSU\CMPSC 122\Final Project\Final Project\Debug\UserShip.obj
C:\Users\Ryan\Documents\PSU\CMPSC 122\Final Project\Final Project\Debug\Utilities.obj
C:\Users\Ryan\Documents\PSU\CMPSC 122\Final Project\Final Project\Debug\cl.command.1.tlog
C:\Users\Ryan\Documents\PSU\CMPSC 122\Final Project\Final Project\Debug\CL.read.1.tlog
C:\Users\Ryan\Documents\PSU\CMPSC 122\Final Project\Final Project\Debug\CL.write.1.tlog
C:\Users\Ryan\Documents\PSU\CMPSC 122\Final Project\Final Project\Debug\link-cvtres.read.1.tlog
C:\Users\Ryan\Documents\PSU\CMPSC 122\Final Project\Final Project\Debug\link-cvtres.write.1.tlog
C:\Users\Ryan\Documents\PSU\CMPSC 122\Final Project\Final Project\Debug\link-rc.read.1.tlog
C:\Users\Ryan\Documents\PSU\CMPSC 122\Final Project\Final Project\Debug\link-rc.write.1.tlog
C:\Users\Ryan\Documents\PSU\CMPSC 122\Final Project\Final Project\Debug\link.command.1.tlog
C:\Users\Ryan\Documents\PSU\CMPSC 122\Final Project\Final Project\Debug\link.read.1.tlog
C:\Users\Ryan\Documents\PSU\CMPSC 122\Final Project\Final Project\Debug\link.write.1.tlog
C:\Users\Ryan\Documents\PSU\CMPSC 122\Final Project\Final Project\Debug\vc110.idb
C:\Users\Ryan\Documents\PSU\CMPSC 122\Final Project\Final Project\Debug\vc110.pdb
C:\Users\Ryan\Documents\PSU\CMPSC 122\Final Project\Debug\Final Project.pdb
